1662955360.316893 client started (1890): version 2.8, socket /tmp/tmux-1000/default, protocol 8
1662955360.317002 on Linux 4.19.0-6-amd64 #1 SMP Debian 4.19.67-2+deb10u2 (2019-11-11); libevent 2.1.8-stable (poll)
1662955360.317080 socket is /tmp/tmux-1000/default
1662955360.317137 trying connect
1662955360.317363 add peer 0x558f8defabb0: 6 ((nil))
1662955360.317670 sending message 100 to peer 0x558f8defabb0 (4 bytes)
1662955360.317717 sending message 101 to peer 0x558f8defabb0 (14 bytes)
1662955360.317749 sending message 102 to peer 0x558f8defabb0 (11 bytes)
1662955360.317780 sending message 108 to peer 0x558f8defabb0 (40 bytes)
1662955360.317814 sending message 104 to peer 0x558f8defabb0 (0 bytes)
1662955360.317848 sending message 107 to peer 0x558f8defabb0 (4 bytes)
1662955360.317880 sending message 105 to peer 0x558f8defabb0 (16 bytes)
1662955360.317924 sending message 105 to peer 0x558f8defabb0 (74 bytes)
1662955360.317958 sending message 105 to peer 0x558f8defabb0 (18 bytes)
1662955360.317989 sending message 105 to peer 0x558f8defabb0 (19 bytes)
1662955360.318020 sending message 105 to peer 0x558f8defabb0 (20 bytes)
1662955360.318050 sending message 105 to peer 0x558f8defabb0 (25 bytes)
1662955360.318081 sending message 105 to peer 0x558f8defabb0 (58 bytes)
1662955360.318112 sending message 105 to peer 0x558f8defabb0 (22 bytes)
1662955360.318143 sending message 105 to peer 0x558f8defabb0 (36 bytes)
1662955360.318174 sending message 105 to peer 0x558f8defabb0 (36 bytes)
1662955360.318205 sending message 105 to peer 0x558f8defabb0 (47 bytes)
1662955360.318236 sending message 105 to peer 0x558f8defabb0 (33 bytes)
1662955360.318267 sending message 105 to peer 0x558f8defabb0 (19 bytes)
1662955360.318297 sending message 105 to peer 0x558f8defabb0 (32 bytes)
1662955360.318328 sending message 105 to peer 0x558f8defabb0 (15 bytes)
1662955360.318359 sending message 105 to peer 0x558f8defabb0 (44 bytes)
1662955360.318390 sending message 105 to peer 0x558f8defabb0 (37 bytes)
1662955360.318420 sending message 105 to peer 0x558f8defabb0 (20 bytes)
1662955360.318451 sending message 105 to peer 0x558f8defabb0 (26 bytes)
1662955360.318481 sending message 105 to peer 0x558f8defabb0 (21 bytes)
1662955360.318512 sending message 105 to peer 0x558f8defabb0 (41 bytes)
1662955360.318542 sending message 105 to peer 0x558f8defabb0 (55 bytes)
1662955360.318573 sending message 105 to peer 0x558f8defabb0 (55 bytes)
1662955360.318603 sending message 105 to peer 0x558f8defabb0 (23 bytes)
1662955360.318634 sending message 105 to peer 0x558f8defabb0 (17 bytes)
1662955360.318666 sending message 105 to peer 0x558f8defabb0 (1506 bytes)
1662955360.318727 sending message 105 to peer 0x558f8defabb0 (25 bytes)
1662955360.318760 sending message 105 to peer 0x558f8defabb0 (17 bytes)
1662955360.318791 sending message 105 to peer 0x558f8defabb0 (22 bytes)
1662955360.318823 sending message 105 to peer 0x558f8defabb0 (52 bytes)
1662955360.318854 sending message 105 to peer 0x558f8defabb0 (23 bytes)
1662955360.318886 sending message 105 to peer 0x558f8defabb0 (19 bytes)
1662955360.318917 sending message 105 to peer 0x558f8defabb0 (17 bytes)
1662955360.318949 sending message 105 to peer 0x558f8defabb0 (13 bytes)
1662955360.318980 sending message 105 to peer 0x558f8defabb0 (61 bytes)
1662955360.319012 sending message 105 to peer 0x558f8defabb0 (13 bytes)
1662955360.319043 sending message 105 to peer 0x558f8defabb0 (8 bytes)
1662955360.319075 sending message 105 to peer 0x558f8defabb0 (11 bytes)
1662955360.319106 sending message 105 to peer 0x558f8defabb0 (17 bytes)
1662955360.319137 sending message 105 to peer 0x558f8defabb0 (17 bytes)
1662955360.319169 sending message 105 to peer 0x558f8defabb0 (31 bytes)
1662955360.319200 sending message 105 to peer 0x558f8defabb0 (24 bytes)
1662955360.319231 sending message 105 to peer 0x558f8defabb0 (154 bytes)
1662955360.319265 sending message 105 to peer 0x558f8defabb0 (181 bytes)
1662955360.319297 sending message 105 to peer 0x558f8defabb0 (28 bytes)
1662955360.319328 sending message 105 to peer 0x558f8defabb0 (98 bytes)
1662955360.319360 sending message 105 to peer 0x558f8defabb0 (18 bytes)
1662955360.319430 sending message 105 to peer 0x558f8defabb0 (35 bytes)
1662955360.319463 sending message 105 to peer 0x558f8defabb0 (16 bytes)
1662955360.319494 sending message 106 to peer 0x558f8defabb0 (0 bytes)
1662955360.319548 sending message 200 to peer 0x558f8defabb0 (4 bytes)
1662955360.319581 client loop enter
1662955360.321176 peer 0x558f8defabb0 message 211
1662955360.321252 client_write: sessions should be nested with care, unset $TMUX to force\n
1662955360.321322 peer 0x558f8defabb0 message 203
1662955360.321844 client loop exit
